#
# There is insufficient memory for the Java Runtime Environment to continue.
# Native memory allocation (malloc) failed to allocate 32744 bytes for ChunkPool::allocate
# Possible reasons:
#   The system is out of physical RAM or swap space
#   The process is running with CompressedOops enabled, and the Java Heap may be blocking the growth of the native heap
# Possible solutions:
#   Reduce memory load on the system
#   Increase physical memory or swap space
#   Check if swap backing store is full
#   Decrease Java heap size (-Xmx/-Xms)
#   Decrease number of Java threads
#   Decrease Java thread stack sizes (-Xss)
#   Set larger code cache with -XX:ReservedCodeCacheSize=
#   JVM is running with Unscaled Compressed Oops mode in which the Java heap is
#     placed in the first 4GB address space. The Java Heap base address is the
#     maximum limit for the native heap growth. Please use -XX:HeapBaseMinAddress
#     to set the Java Heap base and to place the Java Heap above 4GB virtual address.
# This output file may be truncated or incomplete.
#
#  Out of Memory Error (./src/hotspot/share/memory/arena.cpp:81), pid=16672, tid=4616
#
# JRE version: OpenJDK Runtime Environment Microsoft-7208460 (11.0.18+10) (build 11.0.18+10-LTS)
# Java VM: OpenJDK 64-Bit Server VM Microsoft-7208460 (11.0.18+10-LTS, mixed mode, tiered, compressed oops, g1 gc, windows-amd64)
# No core dump will be written. Minidumps are not enabled by default on client versions of Windows
#

---------------  S U M M A R Y ------------

Command Line: -Xmx64m -Xms64m -Dorg.gradle.appname=gradlew org.gradle.wrapper.GradleWrapperMain tasks

Host: Intel(R) Core(TM) i5-6300U CPU @ 2.40GHz, 4 cores, 7G,  Windows 11 , 64 bit Build 22621 (10.0.22621.1778)
Time: Tue Jun 27 02:11:59 2023 India Standard Time elapsed time: 1.183019 seconds (0d 0h 0m 1s)

---------------  T H R E A D  ---------------

Current thread (0x000001e1fecd0800):  JavaThread "C1 CompilerThread0" daemon [_thread_in_native, id=4616, stack(0x000000b46b700000,0x000000b46b800000)]


Current CompileTask:
C1:   1183  363       3       java.util.regex.Pattern::escape (1323 bytes)

Stack: [0x000000b46b700000,0x000000b46b800000]
Native frames: (J=compiled Java code, j=interpreted, Vv=VM code, C=native code)
V  [jvm.dll+0x62bf8a]
V  [jvm.dll+0x7b8fb9]
V  [jvm.dll+0x7ba6a8]
V  [jvm.dll+0x7bad83]
V  [jvm.dll+0x250248]
V  [jvm.dll+0xc286b]
V  [jvm.dll+0xc2bcc]
V  [jvm.dll+0x16e508]
V  [jvm.dll+0x1706b1]
V  [jvm.dll+0x12ae95]
V  [jvm.dll+0x12a70f]
V  [jvm.dll+0x12a93f]
V  [jvm.dll+0x129be4]
V  [jvm.dll+0x12baf7]
V  [jvm.dll+0x217eec]
V  [jvm.dll+0x21612b]
V  [jvm.dll+0x77bac0]
V  [jvm.dll+0x7749f4]
V  [jvm.dll+0x62adf5]
C  [ucrtbase.dll+0x29363]
C  [KERNEL32.DLL+0x126ad]
C  [ntdll.dll+0x5a9f8]


---------------  P R O C E S S  ---------------

Threads class SMR info:
_java_thread_list=0x000001e1fef337e0, length=10, elements={
0x000001e1fbced800, 0x000001e1fec66000, 0x000001e1fec6f000, 0x000001e1fec87000,
0x000001e1fec89000, 0x000001e1fec8a000, 0x000001e1fec8b800, 0x000001e1fecd0800,
0x000001e1fecd3000, 0x000001e1fef6e800
}

Java Threads: ( => current thread )
  0x000001e1fbced800 JavaThread "main" [_thread_in_native, id=4960, stack(0x000000b46aa00000,0x000000b46ab00000)]
  0x000001e1fec66000 JavaThread "Reference Handler" daemon [_thread_blocked, id=16784, stack(0x000000b46b100000,0x000000b46b200000)]
  0x000001e1fec6f000 JavaThread "Finalizer" daemon [_thread_blocked, id=15668, stack(0x000000b46b200000,0x000000b46b300000)]
  0x000001e1fec87000 JavaThread "Signal Dispatcher" daemon [_thread_blocked, id=6060, stack(0x000000b46b300000,0x000000b46b400000)]
  0x000001e1fec89000 JavaThread "Attach Listener" daemon [_thread_blocked, id=8696, stack(0x000000b46b400000,0x000000b46b500000)]
  0x000001e1fec8a000 JavaThread "Service Thread" daemon [_thread_blocked, id=2796, stack(0x000000b46b500000,0x000000b46b600000)]
  0x000001e1fec8b800 JavaThread "C2 CompilerThread0" daemon [_thread_in_native, id=5264, stack(0x000000b46b600000,0x000000b46b700000)]
=>0x000001e1fecd0800 JavaThread "C1 CompilerThread0" daemon [_thread_in_native, id=4616, stack(0x000000b46b700000,0x000000b46b800000)]
  0x000001e1fecd3000 JavaThread "Sweeper thread" daemon [_thread_blocked, id=17472, stack(0x000000b46b800000,0x000000b46b900000)]
  0x000001e1fef6e800 JavaThread "Common-Cleaner" daemon [_thread_blocked, id=7940, stack(0x000000b46ba00000,0x000000b46bb00000)]

Other Threads:
  0x000001e1fec3f000 VMThread "VM Thread" [stack: 0x000000b46b000000,0x000000b46b100000] [id=15328]
  0x000001e1fef62000 WatcherThread [stack: 0x000000b46b900000,0x000000b46ba00000] [id=2352]
  0x000001e1fbd07000 GCTaskThread "GC Thread#0" [stack: 0x000000b46ab00000,0x000000b46ac00000] [id=15700]
  0x000001e1fbd0d000 ConcurrentGCThread "G1 Main Marker" [stack: 0x000000b46ac00000,0x000000b46ad00000] [id=17212]
  0x000001e1fbd0f800 ConcurrentGCThread "G1 Conc#0" [stack: 0x000000b46ad00000,0x000000b46ae00000] [id=10364]
  0x000001e1fbd66000 ConcurrentGCThread "G1 Refine#0" [stack: 0x000000b46ae00000,0x000000b46af00000] [id=16624]
  0x000001e1fbd69800 ConcurrentGCThread "G1 Young RemSet Sampling" [stack: 0x000000b46af00000,0x000000b46b000000] [id=2228]

Threads with active compile tasks:
C2 CompilerThread0     1251  369       4       java.lang.String::indexOf (7 bytes)
C1 CompilerThread0     1251  363       3       java.util.regex.Pattern::escape (1323 bytes)

VM state:not at safepoint (normal execution)

VM Mutex/Monitor currently owned by a thread: None

Heap address: 0x00000000fc000000, size: 64 MB, Compressed Oops mode: 32-bit
Narrow klass base: 0x0000000000000000, Narrow klass shift: 3
Compressed class space size: 1073741824 Address: 0x0000000100000000

Heap:
 garbage-first heap   total 65536K, used 4096K [0x00000000fc000000, 0x0000000100000000)
  region size 1024K, 6 young (6144K), 0 survivors (0K)
 Metaspace       used 7170K, capacity 7353K, committed 7680K, reserved 1056768K
  class space    used 624K, capacity 682K, committed 768K, reserved 1048576K
Heap Regions: E=young(eden), S=young(survivor), O=old, HS=humongous(starts), HC=humongous(continues), CS=collection set, F=free, A=archive, TAMS=top-at-mark-start (previous, next)
|   0|0x00000000fc000000, 0x00000000fc000000, 0x00000000fc100000|  0%| F|  |TAMS 0x00000000fc000000, 0x00000000fc000000| Untracked 
|   1|0x00000000fc100000, 0x00000000fc100000, 0x00000000fc200000|  0%| F|  |TAMS 0x00000000fc100000, 0x00000000fc100000| Untracked 
|   2|0x00000000fc200000, 0x00000000fc200000, 0x00000000fc300000|  0%| F|  |TAMS 0x00000000fc200000, 0x00000000fc200000| Untracked 
|   3|0x00000000fc300000, 0x00000000fc300000, 0x00000000fc400000|  0%| F|  |TAMS 0x00000000fc300000, 0x00000000fc300000| Untracked 
|   4|0x00000000fc400000, 0x00000000fc400000, 0x00000000fc500000|  0%| F|  |TAMS 0x00000000fc400000, 0x00000000fc400000| Untracked 
|   5|0x00000000fc500000, 0x00000000fc500000, 0x00000000fc600000|  0%| F|  |TAMS 0x00000000fc500000, 0x00000000fc500000| Untracked 
|   6|0x00000000fc600000, 0x00000000fc600000, 0x00000000fc700000|  0%| F|  |TAMS 0x00000000fc600000, 0x00000000fc600000| Untracked 
|   7|0x00000000fc700000, 0x00000000fc700000, 0x00000000fc800000|  0%| F|  |TAMS 0x00000000fc700000, 0x00000000fc700000| Untracked 
|   8|0x00000000fc800000, 0x00000000fc800000, 0x00000000fc900000|  0%| F|  |TAMS 0x00000000fc800000, 0x00000000fc800000| Untracked 
|   9|0x00000000fc900000, 0x00000000fc900000, 0x00000000fca00000|  0%| F|  |TAMS 0x00000000fc900000, 0x00000000fc900000| Untracked 
|  10|0x00000000fca00000, 0x00000000fca00000, 0x00000000fcb00000|  0%| F|  |TAMS 0x00000000fca00000, 0x00000000fca00000| Untracked 
|  11|0x00000000fcb00000, 0x00000000fcb00000, 0x00000000fcc00000|  0%| F|  |TAMS 0x00000000fcb00000, 0x00000000fcb00000| Untracked 
|  12|0x00000000fcc00000, 0x00000000fcc00000, 0x00000000fcd00000|  0%| F|  |TAMS 0x00000000fcc00000, 0x00000000fcc00000| Untracked 
|  13|0x00000000fcd00000, 0x00000000fcd00000, 0x00000000fce00000|  0%| F|  |TAMS 0x00000000fcd00000, 0x00000000fcd00000| Untracked 
|  14|0x00000000fce00000, 0x00000000fce00000, 0x00000000fcf00000|  0%| F|  |TAMS 0x00000000fce00000, 0x00000000fce00000| Untracked 
|  15|0x00000000fcf00000, 0x00000000fcf00000, 0x00000000fd000000|  0%| F|  |TAMS 0x00000000fcf00000, 0x00000000fcf00000| Untracked 
|  16|0x00000000fd000000, 0x00000000fd000000, 0x00000000fd100000|  0%| F|  |TAMS 0x00000000fd000000, 0x00000000fd000000| Untracked 
|  17|0x00000000fd100000, 0x00000000fd100000, 0x00000000fd200000|  0%| F|  |TAMS 0x00000000fd100000, 0x00000000fd100000| Untracked 
|  18|0x00000000fd200000, 0x00000000fd200000, 0x00000000fd300000|  0%| F|  |TAMS 0x00000000fd200000, 0x00000000fd200000| Untracked 
|  19|0x00000000fd300000, 0x00000000fd300000, 0x00000000fd400000|  0%| F|  |TAMS 0x00000000fd300000, 0x00000000fd300000| Untracked 
|  20|0x00000000fd400000, 0x00000000fd400000, 0x00000000fd500000|  0%| F|  |TAMS 0x00000000fd400000, 0x00000000fd400000| Untracked 
|  21|0x00000000fd500000, 0x00000000fd500000, 0x00000000fd600000|  0%| F|  |TAMS 0x00000000fd500000, 0x00000000fd500000| Untracked 
|  22|0x00000000fd600000, 0x00000000fd600000, 0x00000000fd700000|  0%| F|  |TAMS 0x00000000fd600000, 0x00000000fd600000| Untracked 
|  23|0x00000000fd700000, 0x00000000fd700000, 0x00000000fd800000|  0%| F|  |TAMS 0x00000000fd700000, 0x00000000fd700000| Untracked 
|  24|0x00000000fd800000, 0x00000000fd800000, 0x00000000fd900000|  0%| F|  |TAMS 0x00000000fd800000, 0x00000000fd800000| Untracked 
|  25|0x00000000fd900000, 0x00000000fd900000, 0x00000000fda00000|  0%| F|  |TAMS 0x00000000fd900000, 0x00000000fd900000| Untracked 
|  26|0x00000000fda00000, 0x00000000fda00000, 0x00000000fdb00000|  0%| F|  |TAMS 0x00000000fda00000, 0x00000000fda00000| Untracked 
|  27|0x00000000fdb00000, 0x00000000fdb00000, 0x00000000fdc00000|  0%| F|  |TAMS 0x00000000fdb00000, 0x00000000fdb00000| Untracked 
|  28|0x00000000fdc00000, 0x00000000fdc00000, 0x00000000fdd00000|  0%| F|  |TAMS 0x00000000fdc00000, 0x00000000fdc00000| Untracked 
|  29|0x00000000fdd00000, 0x00000000fdd00000, 0x00000000fde00000|  0%| F|  |TAMS 0x00000000fdd00000, 0x00000000fdd00000| Untracked 
|  30|0x00000000fde00000, 0x00000000fde00000, 0x00000000fdf00000|  0%| F|  |TAMS 0x00000000fde00000, 0x00000000fde00000| Untracked 
|  31|0x00000000fdf00000, 0x00000000fdf00000, 0x00000000fe000000|  0%| F|  |TAMS 0x00000000fdf00000, 0x00000000fdf00000| Untracked 
|  32|0x00000000fe000000, 0x00000000fe000000, 0x00000000fe100000|  0%| F|  |TAMS 0x00000000fe000000, 0x00000000fe000000| Untracked 
|  33|0x00000000fe100000, 0x00000000fe100000, 0x00000000fe200000|  0%| F|  |TAMS 0x00000000fe100000, 0x00000000fe100000| Untracked 
|  34|0x00000000fe200000, 0x00000000fe200000, 0x00000000fe300000|  0%| F|  |TAMS 0x00000000fe200000, 0x00000000fe200000| Untracked 
|  35|0x00000000fe300000, 0x00000000fe300000, 0x00000000fe400000|  0%| F|  |TAMS 0x00000000fe300000, 0x00000000fe300000| Untracked 
|  36|0x00000000fe400000, 0x00000000fe400000, 0x00000000fe500000|  0%| F|  |TAMS 0x00000000fe400000, 0x00000000fe400000| Untracked 
|  37|0x00000000fe500000, 0x00000000fe500000, 0x00000000fe600000|  0%| F|  |TAMS 0x00000000fe500000, 0x00000000fe500000| Untracked 
|  38|0x00000000fe600000, 0x00000000fe600000, 0x00000000fe700000|  0%| F|  |TAMS 0x00000000fe600000, 0x00000000fe600000| Untracked 
|  39|0x00000000fe700000, 0x00000000fe700000, 0x00000000fe800000|  0%| F|  |TAMS 0x00000000fe700000, 0x00000000fe700000| Untracked 
|  40|0x00000000fe800000, 0x00000000fe800000, 0x00000000fe900000|  0%| F|  |TAMS 0x00000000fe800000, 0x00000000fe800000| Untracked 
|  41|0x00000000fe900000, 0x00000000fe900000, 0x00000000fea00000|  0%| F|  |TAMS 0x00000000fe900000, 0x00000000fe900000| Untracked 
|  42|0x00000000fea00000, 0x00000000fea00000, 0x00000000feb00000|  0%| F|  |TAMS 0x00000000fea00000, 0x00000000fea00000| Untracked 
|  43|0x00000000feb00000, 0x00000000feb00000, 0x00000000fec00000|  0%| F|  |TAMS 0x00000000feb00000, 0x00000000feb00000| Untracked 
|  44|0x00000000fec00000, 0x00000000fec00000, 0x00000000fed00000|  0%| F|  |TAMS 0x00000000fec00000, 0x00000000fec00000| Untracked 
|  45|0x00000000fed00000, 0x00000000fed00000, 0x00000000fee00000|  0%| F|  |TAMS 0x00000000fed00000, 0x00000000fed00000| Untracked 
|  46|0x00000000fee00000, 0x00000000fee00000, 0x00000000fef00000|  0%| F|  |TAMS 0x00000000fee00000, 0x00000000fee00000| Untracked 
|  47|0x00000000fef00000, 0x00000000fef00000, 0x00000000ff000000|  0%| F|  |TAMS 0x00000000fef00000, 0x00000000fef00000| Untracked 
|  48|0x00000000ff000000, 0x00000000ff000000, 0x00000000ff100000|  0%| F|  |TAMS 0x00000000ff000000, 0x00000000ff000000| Untracked 
|  49|0x00000000ff100000, 0x00000000ff100000, 0x00000000ff200000|  0%| F|  |TAMS 0x00000000ff100000, 0x00000000ff100000| Untracked 
|  50|0x00000000ff200000, 0x00000000ff200000, 0x00000000ff300000|  0%| F|  |TAMS 0x00000000ff200000, 0x00000000ff200000| Untracked 
|  51|0x00000000ff300000, 0x00000000ff300000, 0x00000000ff400000|  0%| F|  |TAMS 0x00000000ff300000, 0x00000000ff300000| Untracked 
|  52|0x00000000ff400000, 0x00000000ff400000, 0x00000000ff500000|  0%| F|  |TAMS 0x00000000ff400000, 0x00000000ff400000| Untracked 
|  53|0x00000000ff500000, 0x00000000ff500000, 0x00000000ff600000|  0%| F|  |TAMS 0x00000000ff500000, 0x00000000ff500000| Untracked 
|  54|0x00000000ff600000, 0x00000000ff600000, 0x00000000ff700000|  0%| F|  |TAMS 0x00000000ff600000, 0x00000000ff600000| Untracked 
|  55|0x00000000ff700000, 0x00000000ff700000, 0x00000000ff800000|  0%| F|  |TAMS 0x00000000ff700000, 0x00000000ff700000| Untracked 
|  56|0x00000000ff800000, 0x00000000ff800000, 0x00000000ff900000|  0%| F|  |TAMS 0x00000000ff800000, 0x00000000ff800000| Untracked 
|  57|0x00000000ff900000, 0x00000000ff900000, 0x00000000ffa00000|  0%| F|  |TAMS 0x00000000ff900000, 0x00000000ff900000| Untracked 
|  58|0x00000000ffa00000, 0x00000000ffadb8a8, 0x00000000ffb00000| 85%| E|  |TAMS 0x00000000ffa00000, 0x00000000ffa00000| Complete 
|  59|0x00000000ffb00000, 0x00000000ffc00000, 0x00000000ffc00000|100%| E|CS|TAMS 0x00000000ffb00000, 0x00000000ffb00000| Complete 
|  60|0x00000000ffc00000, 0x00000000ffd00000, 0x00000000ffd00000|100%| E|CS|TAMS 0x00000000ffc00000, 0x00000000ffc00000| Complete 
|  61|0x00000000ffd00000, 0x00000000ffe00000, 0x00000000ffe00000|100%| E|  |TAMS 0x00000000ffd00000, 0x00000000ffd00000| Complete 
|  62|0x00000000ffe00000, 0x00000000fff00000, 0x00000000fff00000|100%| E|CS|TAMS 0x00000000ffe00000, 0x00000000ffe00000| Complete 
|  63|0x00000000fff00000, 0x0000000100000000, 0x0000000100000000|100%| E|CS|TAMS 0x00000000fff00000, 0x00000000fff00000| Complete 

Card table byte_map: [0x000001e1fbb20000,0x000001e1fbb40000] _byte_map_base: 0x000001e1fb340000

Marking Bits (Prev, Next): (CMBitMap*) 0x000001e1fbd0c2d8, (CMBitMap*) 0x000001e1fbd0c310
 Prev Bits: [0x000001e1fbb60000, 0x000001e1fbc60000)
 Next Bits: [0x000001e1fbdc0000, 0x000001e1fbec0000)

Polling page: 0x000001e1f9e90000

Metaspace:

Usage:
  Non-class:      6.51 MB capacity,     6.39 MB ( 98%) used,   118.98 KB (  2%) free+waste,     5.19 KB ( <1%) overhead. 
      Class:    682.00 KB capacity,   624.09 KB ( 92%) used,    55.48 KB (  8%) free+waste,     2.44 KB ( <1%) overhead. 
       Both:      7.18 MB capacity,     7.00 MB ( 98%) used,   174.46 KB (  2%) free+waste,     7.63 KB ( <1%) overhead. 

Virtual space:
  Non-class space:        8.00 MB reserved,       6.75 MB ( 84%) committed 
      Class space:        1.00 GB reserved,     768.00 KB ( <1%) committed 
             Both:        1.01 GB reserved,       7.50 MB ( <1%) committed 

Chunk freelists:
   Non-Class:  49.00 KB
       Class:  0 bytes
        Both:  49.00 KB

MaxMetaspaceSize: 17179869184.00 GB
CompressedClassSpaceSize: 1.00 GB
Initial GC threshold: 20.80 MB
Current GC threshold: 20.80 MB
CDS: off

CodeHeap 'non-profiled nmethods': size=120064Kb used=106Kb max_used=106Kb free=119957Kb
 bounds [0x000001e190160000, 0x000001e1903d0000, 0x000001e1976a0000]
CodeHeap 'profiled nmethods': size=120000Kb used=547Kb max_used=547Kb free=119452Kb
 bounds [0x000001e188c30000, 0x000001e188ea0000, 0x000001e190160000]
CodeHeap 'non-nmethods': size=5696Kb used=1105Kb max_used=1118Kb free=4590Kb
 bounds [0x000001e1886a0000, 0x000001e188910000, 0x000001e188c30000]
 total_blobs=718 nmethods=365 adapters=266
 compilation: enabled
              stopped_count=0, restarted_count=0
 full_count=0

Compilation events (20 events):
Event: 1.131 Thread 0x000001e1fecd0800  355       3       java.util.zip.ZipCoder$UTF8::getBytes (10 bytes)
Event: 1.132 Thread 0x000001e1fecd0800 nmethod 355 0x000001e188cb1e90 code [0x000001e188cb2060, 0x000001e188cb2328]
Event: 1.132 Thread 0x000001e1fecd0800  356       3       java.lang.System$2::getBytesUTF8NoRepl (5 bytes)
Event: 1.133 Thread 0x000001e1fecd0800 nmethod 356 0x000001e188cb2490 code [0x000001e188cb2660, 0x000001e188cb28a8]
Event: 1.142 Thread 0x000001e1fecd0800  357       3       java.util.Properties$LineReader::readLine (635 bytes)
Event: 1.148 Thread 0x000001e1fecd0800 nmethod 357 0x000001e188cb2a10 code [0x000001e188cb2dc0, 0x000001e188cb5378]
Event: 1.154 Thread 0x000001e1fec8b800  358       4       java.lang.Character::charCount (12 bytes)
Event: 1.155 Thread 0x000001e1fec8b800 nmethod 358 0x000001e19017a010 code [0x000001e19017a1a0, 0x000001e19017a1f8]
Event: 1.165 Thread 0x000001e1fecd0800  359       3       java.io.File::getName (42 bytes)
Event: 1.166 Thread 0x000001e1fecd0800 nmethod 359 0x000001e188cb5e90 code [0x000001e188cb60c0, 0x000001e188cb65f8]
Event: 1.166 Thread 0x000001e1fecd0800  360       3       java.io.WinNTFileSystem::normalize (143 bytes)
Event: 1.168 Thread 0x000001e1fecd0800 nmethod 360 0x000001e188cb6810 code [0x000001e188cb6aa0, 0x000001e188cb75f8]
Event: 1.169 Thread 0x000001e1fecd0800  361       3       java.util.Objects::checkIndex (7 bytes)
Event: 1.169 Thread 0x000001e1fecd0800 nmethod 361 0x000001e188cb7a90 code [0x000001e188cb7ca0, 0x000001e188cb82e8]
Event: 1.169 Thread 0x000001e1fecd0800  364       3       java.util.ArrayList::iterator (9 bytes)
Event: 1.170 Thread 0x000001e1fecd0800 nmethod 364 0x000001e188cb8510 code [0x000001e188cb86e0, 0x000001e188cb8958]
Event: 1.170 Thread 0x000001e1fecd0800  365       3       java.util.ArrayList$Itr::<init> (26 bytes)
Event: 1.170 Thread 0x000001e1fecd0800 nmethod 365 0x000001e188cb8a90 code [0x000001e188cb8c40, 0x000001e188cb8e18]
Event: 1.170 Thread 0x000001e1fecd0800  363       3       java.util.regex.Pattern::escape (1323 bytes)
Event: 1.181 Thread 0x000001e1fec8b800  367       4       java.lang.String::codePointAt (50 bytes)

GC Heap History (0 events):
No events

Deoptimization events (20 events):
Event: 0.851 Thread 0x000001e1fbced800 DEOPT PACKING pc=0x000001e188c818bb sp=0x000000b46aaf6620
Event: 0.851 Thread 0x000001e1fbced800 DEOPT UNPACKING pc=0x000001e1886ea95e sp=0x000000b46aaf5af0 mode 0
Event: 0.851 Thread 0x000001e1fbced800 DEOPT PACKING pc=0x000001e188c818bb sp=0x000000b46aaf6620
Event: 0.851 Thread 0x000001e1fbced800 DEOPT UNPACKING pc=0x000001e1886ea95e sp=0x000000b46aaf5af0 mode 0
Event: 0.852 Thread 0x000001e1fbced800 DEOPT PACKING pc=0x000001e188c818bb sp=0x000000b46aaf6620
Event: 0.852 Thread 0x000001e1fbced800 DEOPT UNPACKING pc=0x000001e1886ea95e sp=0x000000b46aaf5af0 mode 0
Event: 0.852 Thread 0x000001e1fbced800 DEOPT PACKING pc=0x000001e188c818bb sp=0x000000b46aaf6620
Event: 0.852 Thread 0x000001e1fbced800 DEOPT UNPACKING pc=0x000001e1886ea95e sp=0x000000b46aaf5af0 mode 0
Event: 0.852 Thread 0x000001e1fbced800 DEOPT PACKING pc=0x000001e188c818bb sp=0x000000b46aaf6620
Event: 0.852 Thread 0x000001e1fbced800 DEOPT UNPACKING pc=0x000001e1886ea95e sp=0x000000b46aaf5af0 mode 0
Event: 1.061 Thread 0x000001e1fbced800 DEOPT PACKING pc=0x000001e188c6479b sp=0x000000b46aafd720
Event: 1.061 Thread 0x000001e1fbced800 DEOPT UNPACKING pc=0x000001e1886ea95e sp=0x000000b46aafcb90 mode 0
Event: 1.061 Thread 0x000001e1fbced800 DEOPT PACKING pc=0x000001e188c6479b sp=0x000000b46aafd720
Event: 1.061 Thread 0x000001e1fbced800 DEOPT UNPACKING pc=0x000001e1886ea95e sp=0x000000b46aafcb90 mode 0
Event: 1.089 Thread 0x000001e1fbced800 DEOPT PACKING pc=0x000001e188c914db sp=0x000000b46aafd440
Event: 1.089 Thread 0x000001e1fbced800 DEOPT UNPACKING pc=0x000001e1886ea95e sp=0x000000b46aafc8b8 mode 0
Event: 1.089 Thread 0x000001e1fbced800 DEOPT PACKING pc=0x000001e188c914db sp=0x000000b46aafd440
Event: 1.089 Thread 0x000001e1fbced800 DEOPT UNPACKING pc=0x000001e1886ea95e sp=0x000000b46aafc8b8 mode 0
Event: 1.104 Thread 0x000001e1fbced800 DEOPT PACKING pc=0x000001e188c914db sp=0x000000b46aafd440
Event: 1.104 Thread 0x000001e1fbced800 DEOPT UNPACKING pc=0x000001e1886ea95e sp=0x000000b46aafc8b8 mode 0

Classes redefined (0 events):
No events

Internal exceptions (3 events):
Event: 0.893 Thread 0x000001e1fbced800 Exception <a 'java/lang/NoSuchMethodError'{0x00000000ffc4c008}: 'int java.lang.invoke.DirectMethodHandle$Holder.invokeStaticInit(java.lang.Object, java.lang.Object)'> (0x00000000ffc4c008) thrown at [./src/hotspot/share/interpreter/linkResolver.cpp, line 773]
Event: 1.045 Thread 0x000001e1fbced800 Exception <a 'java/lang/NoSuchMethodError'{0x00000000ffb20d00}: 'int java.lang.invoke.DirectMethodHandle$Holder.invokeSpecial(java.lang.Object, java.lang.Object, java.lang.Object, java.lang.Object)'> (0x00000000ffb20d00) thrown at [./src/hotspot/share/interpreter/linkResolver.cpp, line 773]
Event: 1.071 Thread 0x000001e1fbced800 Exception <a 'java/lang/NoSuchMethodError'{0x00000000ffb59328}: 'int java.lang.invoke.DirectMethodHandle$Holder.invokeSpecialIFC(java.lang.Object, java.lang.Object, int)'> (0x00000000ffb59328) thrown at [./src/hotspot/share/interpreter/linkResolver.cpp, line 773]

Events (20 events):
Event: 1.035 loading class org/gradle/api/internal/classpath/DefaultModuleRegistry$DefaultModule
Event: 1.035 loading class org/gradle/api/internal/classpath/DefaultModuleRegistry$DefaultModule done
Event: 1.036 loading class java/util/Collections$SingletonSet
Event: 1.036 loading class java/util/Collections$SingletonSet done
Event: 1.037 loading class java/util/Collections$1
Event: 1.037 loading class java/util/Collections$1 done
Event: 1.046 loading class org/gradle/api/internal/classpath/DefaultModuleRegistry
Event: 1.046 loading class org/gradle/api/internal/classpath/DefaultModuleRegistry done
Event: 1.063 loading class java/lang/invoke/DirectMethodHandle$Constructor
Event: 1.063 loading class java/lang/invoke/DirectMethodHandle$Constructor done
Event: 1.064 loading class org/gradle/util/internal/GUtil
Event: 1.064 loading class org/gradle/util/internal/GUtil done
Event: 1.068 loading class org/gradle/internal/InternalTransformer
Event: 1.068 loading class org/gradle/internal/InternalTransformer done
Event: 1.075 loading class java/util/regex/Pattern$StartS
Event: 1.076 loading class java/util/regex/Pattern$StartS done
Event: 1.080 loading class org/gradle/internal/IoActions
Event: 1.080 loading class org/gradle/internal/IoActions done
Event: 1.081 loading class org/gradle/api/Action
Event: 1.081 loading class org/gradle/api/Action done


Dynamic libraries:
0x00007ff69df10000 - 0x00007ff69df1d000 	C:\Program Files\Microsoft\jdk-11.0.18.10-hotspot\bin\java.exe
0x00007ffe88990000 - 0x00007ffe88ba4000 	C:\Windows\SYSTEM32\ntdll.dll
0x00007ffe87f10000 - 0x00007ffe87fd2000 	C:\Windows\System32\KERNEL32.DLL
0x00007ffe86140000 - 0x00007ffe864e3000 	C:\Windows\System32\KERNELBASE.dll
0x00007ffe864f0000 - 0x00007ffe86601000 	C:\Windows\System32\ucrtbase.dll
0x00007ffe69cd0000 - 0x00007ffe69ce5000 	C:\Program Files\Microsoft\jdk-11.0.18.10-hotspot\bin\VCRUNTIME140.dll
0x00007ffe7d040000 - 0x00007ffe7d057000 	C:\Program Files\Microsoft\jdk-11.0.18.10-hotspot\bin\jli.dll
0x00007ffe86840000 - 0x00007ffe869eb000 	C:\Windows\System32\USER32.dll
0x00007ffe86610000 - 0x00007ffe86636000 	C:\Windows\System32\win32u.dll
0x00007ffe6b730000 - 0x00007ffe6b9be000 	C:\Windows\WinSxS\amd64_microsoft.windows.common-controls_6595b64144ccf1df_6.0.22621.1635_none_270f70857386168e\COMCTL32.dll
0x00007ffe888a0000 - 0x00007ffe88947000 	C:\Windows\System32\msvcrt.dll
0x00007ffe87410000 - 0x00007ffe87439000 	C:\Windows\System32\GDI32.dll
0x00007ffe85e30000 - 0x00007ffe85f49000 	C:\Windows\System32\gdi32full.dll
0x00007ffe85d90000 - 0x00007ffe85e2a000 	C:\Windows\System32\msvcp_win.dll
0x00007ffe88840000 - 0x00007ffe88871000 	C:\Windows\System32\IMM32.DLL
0x00007ffe466b0000 - 0x00007ffe4674b000 	C:\Program Files\Microsoft\jdk-11.0.18.10-hotspot\bin\msvcp140.dll
0x00007ffe3e120000 - 0x00007ffe3ecb2000 	C:\Program Files\Microsoft\jdk-11.0.18.10-hotspot\bin\server\jvm.dll
0x00007ffe88310000 - 0x00007ffe883be000 	C:\Windows\System32\ADVAPI32.dll
0x00007ffe86790000 - 0x00007ffe86834000 	C:\Windows\System32\sechost.dll
0x00007ffe877d0000 - 0x00007ffe878e7000 	C:\Windows\System32\RPCRT4.dll
0x00007ffe88880000 - 0x00007ffe88888000 	C:\Windows\System32\PSAPI.DLL
0x00007ffe7bdf0000 - 0x00007ffe7be24000 	C:\Windows\SYSTEM32\WINMM.dll
0x00007ffe6ef00000 - 0x00007ffe6ef09000 	C:\Windows\SYSTEM32\WSOCK32.dll
0x00007ffe79850000 - 0x00007ffe7985a000 	C:\Windows\SYSTEM32\VERSION.dll
0x00007ffe87d40000 - 0x00007ffe87db1000 	C:\Windows\System32\WS2_32.dll
0x00007ffe84de0000 - 0x00007ffe84df8000 	C:\Windows\SYSTEM32\kernel.appcore.dll
0x00007ffe7d540000 - 0x00007ffe7d550000 	C:\Program Files\Microsoft\jdk-11.0.18.10-hotspot\bin\verify.dll
0x00007ffe80770000 - 0x00007ffe8099e000 	C:\Windows\SYSTEM32\DBGHELP.DLL
0x00007ffe87440000 - 0x00007ffe877c9000 	C:\Windows\System32\combase.dll
0x00007ffe87a20000 - 0x00007ffe87af7000 	C:\Windows\System32\OLEAUT32.dll
0x00007ffe6c9c0000 - 0x00007ffe6c9f2000 	C:\Windows\SYSTEM32\dbgcore.DLL
0x00007ffe85f50000 - 0x00007ffe85fcb000 	C:\Windows\System32\bcryptPrimitives.dll
0x00007ffe61400000 - 0x00007ffe61428000 	C:\Program Files\Microsoft\jdk-11.0.18.10-hotspot\bin\java.dll
0x00007ffe7d010000 - 0x00007ffe7d01a000 	C:\Program Files\Microsoft\jdk-11.0.18.10-hotspot\bin\jimage.dll
0x00007ffe699a0000 - 0x00007ffe699b8000 	C:\Program Files\Microsoft\jdk-11.0.18.10-hotspot\bin\zip.dll
0x00007ffe86bf0000 - 0x00007ffe873ea000 	C:\Windows\System32\SHELL32.dll
0x00007ffe83d90000 - 0x00007ffe8465e000 	C:\Windows\SYSTEM32\windows.storage.dll
0x00007ffe83c50000 - 0x00007ffe83d8e000 	C:\Windows\SYSTEM32\wintypes.dll
0x00007ffe87dc0000 - 0x00007ffe87eb1000 	C:\Windows\System32\SHCORE.dll
0x00007ffe87fe0000 - 0x00007ffe8803e000 	C:\Windows\System32\shlwapi.dll
0x00007ffe85cc0000 - 0x00007ffe85ce1000 	C:\Windows\SYSTEM32\profapi.dll
0x00007ffe68bc0000 - 0x00007ffe68bd9000 	C:\Program Files\Microsoft\jdk-11.0.18.10-hotspot\bin\net.dll
0x00007ffe7afc0000 - 0x00007ffe7b0f7000 	C:\Windows\SYSTEM32\WINHTTP.dll
0x00007ffe85250000 - 0x00007ffe852b9000 	C:\Windows\system32\mswsock.dll
0x00007ffe628d0000 - 0x00007ffe628e3000 	C:\Program Files\Microsoft\jdk-11.0.18.10-hotspot\bin\nio.dll

dbghelp: loaded successfully - version: 4.0.5 - missing functions: none
symbol engine: initialized successfully - sym options: 0x614 - pdb path: .;C:\Program Files\Microsoft\jdk-11.0.18.10-hotspot\bin;C:\Windows\SYSTEM32;C:\Windows\WinSxS\amd64_microsoft.windows.common-controls_6595b64144ccf1df_6.0.22621.1635_none_270f70857386168e;C:\Program Files\Microsoft\jdk-11.0.18.10-hotspot\bin\server

VM Arguments:
jvm_args: -Xmx64m -Xms64m -Dorg.gradle.appname=gradlew 
java_command: org.gradle.wrapper.GradleWrapperMain tasks
java_class_path (initial): E:\the it studio\meal app cli\android\\gradle\wrapper\gradle-wrapper.jar
Launcher Type: SUN_STANDARD

[Global flags]
     intx CICompilerCount                          = 3                                         {product} {ergonomic}
     uint ConcGCThreads                            = 1                                         {product} {ergonomic}
     uint G1ConcRefinementThreads                  = 4                                         {product} {ergonomic}
   size_t G1HeapRegionSize                         = 1048576                                   {product} {ergonomic}
    uintx GCDrainStackTargetSize                   = 64                                        {product} {ergonomic}
   size_t InitialHeapSize                          = 67108864                                  {product} {command line}
   size_t MarkStackSize                            = 4194304                                   {product} {ergonomic}
   size_t MaxHeapSize                              = 67108864                                  {product} {command line}
   size_t MaxNewSize                               = 39845888                                  {product} {ergonomic}
   size_t MinHeapDeltaBytes                        = 1048576                                   {product} {ergonomic}
    uintx NonNMethodCodeHeapSize                   = 5830732                                {pd product} {ergonomic}
    uintx NonProfiledCodeHeapSize                  = 122913754                              {pd product} {ergonomic}
    uintx ProfiledCodeHeapSize                     = 122913754                              {pd product} {ergonomic}
    uintx ReservedCodeCacheSize                    = 251658240                              {pd product} {ergonomic}
     bool SegmentedCodeCache                       = true                                      {product} {ergonomic}
     bool UseCompressedClassPointers               = true                                 {lp64_product} {ergonomic}
     bool UseCompressedOops                        = true                                 {lp64_product} {ergonomic}
     bool UseG1GC                                  = true                                      {product} {ergonomic}
     bool UseLargePagesIndividualAllocation        = false                                  {pd product} {ergonomic}

Logging:
Log output configuration:
 #0: stdout all=warning uptime,level,tags
 #1: stderr all=off uptime,level,tags

Environment Variables:
JAVA_HOME=C:\Program Files\Microsoft\jdk-11.0.18.10-hotspot\
CLASSPATH=E:\the it studio\meal app cli\android\\gradle\wrapper\gradle-wrapper.jar
PATH=E:\the it studio\meal app cli\node_modules\.bin;E:\the it studio\meal app cli\node_modules\.bin;E:\the it studio\node_modules\.bin;E:\node_modules\.bin;C:\Program Files\nodejs\node_modules\npm\node_modules\@npmcli\run-script\lib\node-gyp-bin;E:\the it studio\meal app cli\node_modules\.bin;E:\the it studio\node_modules\.bin;E:\node_modules\.bin;C:\Program Files\nodejs\node_modules\npm\node_modules\@npmcli\run-script\lib\node-gyp-bin;C:\Users\arjun\anaconda3\condabin;C:\Program Files\Microsoft\jdk-11.0.18.10-hotspot\bin;C:\Program Files\Common Files\Oracle\Java\javapath;C:\Windows\system32;C:\Windows;C:\Windows\System32\Wbem;C:\Windows\System32\WindowsPowerShell\v1.0\;C:\Windows\System32\OpenSSH\;C:\Program Files\Git\cmd;C:\Program Files\nodejs\;C:\ProgramData\chocolatey\bin;C:\MinGW\bin;C:\Python311\Scripts\;C:\Python311\;C:\Program Files\Java\jdk-17;C:\Users\arjun\AppData\Local\Android\Sdk;C:\Users\arjun\AppData\Local\Android\Sdk\platform-tools;C:\Users\arjun\AppData\Local\Android\Sdk\build-tools;C:\Users\arjun\AppData\Local\Android\Sdk\emulator;C:\Program Files\MySQL\MySQL Shell 8.0\bin\;C:\Users\arjun\anaconda3;C:\Users\arjun\anaconda3\Library\mingw-w64\bin;C:\Users\arjun\anaconda3\Library\usr\bin;C:\Users\arjun\anaconda3\Library\bin;C:\Users\arjun\anaconda3\Scripts;C:\Users\arjun\AppData\Local\Microsoft\WindowsApps;C:\Users\arjun\AppData\Local\Programs\Microsoft VS Code\bin;C:\Users\arjun\AppData\Roaming\npm;C:\MinGW\bin;C:\Users\arjun\AppData\Local\GitHubDesktop\bin;C:\Python311\Scripts\;C:\Python311\;C:\Program Files\Microsoft\jdk-11.0.18.10-hotspot\;C:\Users\arjun\AppData\Local\Android\Sdk\platform-tools;C:\Users\arjun\AppData\Local\Android\Sdk\build-tools;C:\Users\arjun\AppData\Local\Android\Sdk\emulator;
USERNAME=arjun
OS=Windows_NT
PROCESSOR_IDENTIFIER=Intel64 Family 6 Model 78 Stepping 3, GenuineIntel
TMP=C:\Users\arjun\AppData\Local\Temp
TEMP=C:\Users\arjun\AppData\Local\Temp



---------------  S Y S T E M  ---------------

OS: Windows 11 , 64 bit Build 22621 (10.0.22621.1778)
OS uptime: 0 days 15:18 hours

CPU:total 4 (initial active 4) (2 cores per cpu, 2 threads per core) family 6 model 78 stepping 3 microcode 0xd6, cmov, cx8, fxsr, mmx, sse, sse2, sse3, ssse3, sse4.1, sse4.2, popcnt, avx, avx2, aes, clmul, erms, rtm, 3dnowpref, lzcnt, ht, tsc, tscinvbit, bmi1, bmi2, adx, fma

Memory: 4k page, system-wide physical 8068M (1977M free)
TotalPageFile size 26729M (AvailPageFile size 0M)
current process WorkingSet (physical memory assigned to process): 41M, peak: 41M
current process commit charge ("private bytes"): 133M, peak: 133M

vm_info: OpenJDK 64-Bit Server VM (11.0.18+10-LTS) for windows-amd64 JRE (11.0.18+10-LTS), built on Jan 18 2023 15:56:47 by "MicrosoftCorporation" with MS VC++ 15.9 (VS2017)

END.
